[debug] [2024-02-24T08:07:45.956Z] ----------------------------------------------------------------------
[debug] [2024-02-24T08:07:45.957Z] Command:       C:\Program Files\nodejs\node.exe C:\Users\User\AppData\Roaming\npm\node_modules\firebase-tools\lib\bin\firebase.js init
[debug] [2024-02-24T08:07:45.957Z] CLI Version:   11.29.1
[debug] [2024-02-24T08:07:45.957Z] Platform:      win32
[debug] [2024-02-24T08:07:45.958Z] Node Version:  v16.14.2
[debug] [2024-02-24T08:07:45.958Z] Time:          Sat Feb 24 2024 13:37:45 GMT+0530 (India Standard Time)
[debug] [2024-02-24T08:07:45.958Z] ----------------------------------------------------------------------
[debug] 
[debug] [2024-02-24T08:07:45.964Z] > command requires scopes: ["email","openid","https://www.googleapis.com/auth/cloudplatformprojects.readonly","https://www.googleapis.com/auth/firebase","https://www.googleapis.com/auth/cloud-platform"]
[debug] [2024-02-24T08:07:45.964Z] > authorizing via signed-in user (sachintha.lakmini.k@gmail.com)
[info] 
     ######## #### ########  ######## ########     ###     ######  ########
     ##        ##  ##     ## ##       ##     ##  ##   ##  ##       ##
     ######    ##  ########  ######   ########  #########  ######  ######
     ##        ##  ##    ##  ##       ##     ## ##     ##       ## ##
     ##       #### ##     ## ######## ########  ##     ##  ######  ########

You're about to initialize a Firebase project in this directory:

  C:\Users\User\Desktop\Practical Exam 1\practical-exam

[info] 
=== Project Setup
[info] 
[info] First, let's associate this project directory with a Firebase project.
[info] You can create multiple project aliases by running firebase use --add, 
[info] but for now we'll just set up a default project.
[info] 
[debug] [2024-02-24T08:07:55.307Z] >>> [apiv2][query] GET https://firebase.googleapis.com/v1beta1/projects pageSize=100
[debug] [2024-02-24T08:07:56.498Z] <<< [apiv2][status] GET https://firebase.googleapis.com/v1beta1/projects 200
[debug] [2024-02-24T08:07:56.498Z] <<< [apiv2][body] GET https://firebase.googleapis.com/v1beta1/projects [omitted]
[info] i  Using project sachintha-adcaa (sachintha) 
[info] 
=== Hosting Setup
[info] 
[info] Your public directory is the folder (relative to your project directory) that
[info] will contain Hosting assets to be uploaded with firebase deploy. If you
[info] have a build process for your assets, use your build's output directory.
[info] 
[debug] [2024-02-24T08:08:07.044Z] >>> [apiv2][query] GET https://www.gstatic.com/firebasejs/releases.json [none]
[debug] [2024-02-24T08:08:07.380Z] <<< [apiv2][status] GET https://www.gstatic.com/firebasejs/releases.json 200
[debug] [2024-02-24T08:08:07.381Z] <<< [apiv2][body] GET https://www.gstatic.com/firebasejs/releases.json {"current":{"version":"10.8.0","browserURL":"https://www.gstatic.com/firebasejs/10.8.0/firebase.js","packageURL":"https://www.gstatic.com/firebasejs/10.8.0/firebase.tgz"},"live":{"version":"10.8","browserURL":"https://www.gstatic.com/firebasejs/live/10.8/firebase.js","packageURL":"https://www.gstatic.com/firebasejs/live/10.8/firebase.tgz"},"components":{"analytics":"https://www.gstatic.com/firebasejs/10.8.0/firebase-analytics.js","app":"https://www.gstatic.com/firebasejs/10.8.0/firebase-app.js","app-check":"https://www.gstatic.com/firebasejs/10.8.0/firebase-app-check.js","auth":"https://www.gstatic.com/firebasejs/10.8.0/firebase-auth.js","auth/cordova":"https://www.gstatic.com/firebasejs/10.8.0/firebase-auth/cordova.js","auth/web-extension":"https://www.gstatic.com/firebasejs/10.8.0/firebase-auth/web-extension.js","functions":"https://www.gstatic.com/firebasejs/10.8.0/firebase-functions.js","firestore":"https://www.gstatic.com/firebasejs/10.8.0/firebase-firestore.js","firestore/lite":"https://www.gstatic.com/firebasejs/10.8.0/firebase-firestore/lite.js","installations":"https://www.gstatic.com/firebasejs/10.8.0/firebase-installations.js","storage":"https://www.gstatic.com/firebasejs/10.8.0/firebase-storage.js","performance":"https://www.gstatic.com/firebasejs/10.8.0/firebase-performance.js","remote-config":"https://www.gstatic.com/firebasejs/10.8.0/firebase-remote-config.js","messaging":"https://www.gstatic.com/firebasejs/10.8.0/firebase-messaging.js","messaging/sw":"https://www.gstatic.com/firebasejs/10.8.0/firebase-messaging/sw.js","database":"https://www.gstatic.com/firebasejs/10.8.0/firebase-database.js","firestore.memory":"https://www.gstatic.com/firebasejs/10.8.0/firebase-firestore.memory.js"}}
[info] i  Skipping write of build/index.html 
[info] 
[info] i  Detected a .git folder at C:\Users\User\Desktop\Practical Exam 1\practical-exam 
[info] i  Authorizing with GitHub to upload your service account to a GitHub repository's secrets store. 
[info] 
[info] Visit this URL on this device to log in:
[info] https://github.com/login/oauth/authorize?client_id=89cf50f02ac6aaed3484&state=1049520513&redirect_uri=http%3A%2F%2Flocalhost%3A9005&scope=read%3Auser%20repo%20public_repo
[info] 
[info] Waiting for authentication...
[debug] [2024-02-24T08:08:20.735Z] >>> [apiv2][query] POST https://github.com/login/oauth/access_token [none]
[debug] [2024-02-24T08:08:20.735Z] >>> [apiv2][body] POST https://github.com/login/oauth/access_token [stream]
[debug] [2024-02-24T08:08:21.384Z] <<< [apiv2][status] POST https://github.com/login/oauth/access_token 200
[debug] [2024-02-24T08:08:21.385Z] <<< [apiv2][body] POST https://github.com/login/oauth/access_token {"access_token":"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","token_type":"bearer","scope":"read:user,repo"}
[debug] [2024-02-24T08:08:21.394Z] >>> [apiv2][query] GET https://api.github.com/user [none]
[debug] [2024-02-24T08:08:21.985Z] <<< [apiv2][status] GET https://api.github.com/user 200
[debug] [2024-02-24T08:08:21.985Z] <<< [apiv2][body] GET https://api.github.com/user {"login":"kslakmini","id":104566431,"node_id":"U_kgDOBjuOnw","avatar_url":"https://avatars.githubusercontent.com/u/104566431?v=4","gravatar_id":"","url":"https://api.github.com/users/kslakmini","html_url":"https://github.com/kslakmini","followers_url":"https://api.github.com/users/kslakmini/followers","following_url":"https://api.github.com/users/kslakmini/following{/other_user}","gists_url":"https://api.github.com/users/kslakmini/gists{/gist_id}","starred_url":"https://api.github.com/users/kslakmini/starred{/owner}{/repo}","subscriptions_url":"https://api.github.com/users/kslakmini/subscriptions","organizations_url":"https://api.github.com/users/kslakmini/orgs","repos_url":"https://api.github.com/users/kslakmini/repos","events_url":"https://api.github.com/users/kslakmini/events{/privacy}","received_events_url":"https://api.github.com/users/kslakmini/received_events","type":"User","site_admin":false,"name":"sachintha lakmini","company":"Undergraduate - Computer Science (NSBM)","blog":"","location":"Galle","email":null,"hireable":null,"bio":null,"twitter_username":null,"public_repos":2,"public_gists":0,"followers":1,"following":0,"created_at":"2022-04-28T10:59:06Z","updated_at":"2024-01-22T03:23:36Z","private_gists":0,"total_private_repos":6,"owned_private_repos":6,"disk_usage":3502,"collaborators":5,"two_factor_authentication":true,"plan":{"name":"free","space":976562499,"collaborators":0,"private_repos":10000}}
[info] 
[info] +  Success! Logged into GitHub as kslakmini 
[info] 
[debug] [2024-02-24T08:08:53.213Z] >>> [apiv2][query] GET https://api.github.com/repos/user/actions/secrets/public-key type=owner
[debug] [2024-02-24T08:08:54.069Z] <<< [apiv2][status] GET https://api.github.com/repos/user/actions/secrets/public-key 404
[debug] [2024-02-24T08:08:54.069Z] <<< [apiv2][body] GET https://api.github.com/repos/user/actions/secrets/public-key {"message":"Not Found","documentation_url":"https://docs.github.com/rest"}
[info] 
[info] 
[error] !  The provided authorization cannot be used with this repository. If this repository is in an organization, did you remember to grant access? 
[info] 
[info] i  Action required: Visit this URL to ensure access has been granted to the appropriate organization(s) for the Firebase CLI GitHub OAuth App: 
[info] https://github.com/settings/connections/applications/89cf50f02ac6aaed3484
[info] 
[debug] [2024-02-24T08:09:51.257Z] >>> [apiv2][query] GET https://api.github.com/repos/assignment/actions/secrets/public-key type=owner
[debug] [2024-02-24T08:09:52.060Z] <<< [apiv2][status] GET https://api.github.com/repos/assignment/actions/secrets/public-key 404
[debug] [2024-02-24T08:09:52.061Z] <<< [apiv2][body] GET https://api.github.com/repos/assignment/actions/secrets/public-key {"message":"Not Found","documentation_url":"https://docs.github.com/rest"}
[info] 
[info] 
[error] !  The provided authorization cannot be used with this repository. If this repository is in an organization, did you remember to grant access? 
[info] 
[info] i  Action required: Visit this URL to ensure access has been granted to the appropriate organization(s) for the Firebase CLI GitHub OAuth App: 
[info] https://github.com/settings/connections/applications/89cf50f02ac6aaed3484
[info] 
[debug] [2024-02-24T08:09:59.927Z] >>> [apiv2][query] GET https://api.github.com/repos/assignment/actions/secrets/public-key type=owner
[debug] [2024-02-24T08:10:00.520Z] <<< [apiv2][status] GET https://api.github.com/repos/assignment/actions/secrets/public-key 404
[debug] [2024-02-24T08:10:00.520Z] <<< [apiv2][body] GET https://api.github.com/repos/assignment/actions/secrets/public-key {"message":"Not Found","documentation_url":"https://docs.github.com/rest"}
[info] 
[info] 
[error] !  The provided authorization cannot be used with this repository. If this repository is in an organization, did you remember to grant access? 
[info] 
[info] i  Action required: Visit this URL to ensure access has been granted to the appropriate organization(s) for the Firebase CLI GitHub OAuth App: 
[info] https://github.com/settings/connections/applications/89cf50f02ac6aaed3484
[info] 
[debug] [2024-02-24T08:11:57.534Z] >>> [apiv2][query] GET https://api.github.com/repos/user/actions/secrets/public-key type=owner
[debug] [2024-02-24T08:11:58.169Z] <<< [apiv2][status] GET https://api.github.com/repos/user/actions/secrets/public-key 404
[debug] [2024-02-24T08:11:58.170Z] <<< [apiv2][body] GET https://api.github.com/repos/user/actions/secrets/public-key {"message":"Not Found","documentation_url":"https://docs.github.com/rest"}
[info] 
[info] 
[error] !  The provided authorization cannot be used with this repository. If this repository is in an organization, did you remember to grant access? 
[info] 
[info] i  Action required: Visit this URL to ensure access has been granted to the appropriate organization(s) for the Firebase CLI GitHub OAuth App: 
[info] https://github.com/settings/connections/applications/89cf50f02ac6aaed3484
[info] 
